[08/06/2020 12:26:46][Bebop][Entra en el programa]
[08/06/2020 12:30:55][Bebop][Cierra Menú Principal]
[08/06/2020 12:30:56][Bebop][Sale del programa]
[08/06/2020 12:35:53][Bebop][Entra en el programa]
[08/06/2020 12:36:30][Bebop][Entra Alta Factura]
[08/06/2020 12:36:38][Bebop][Salir de Alta Factura]
[08/06/2020 12:36:41][Bebop][Entra Consulta Factura]
[08/06/2020 12:37:36][Bebop][Generar PDF de Consulta Detalle Factura]
[08/06/2020 12:37:41][Bebop][Generar PDF de Consulta Detalle Factura]
[08/06/2020 12:37:45][Bebop][Salir de Consulta Detalle Factura]
[08/06/2020 12:38:16][Bebop][Salir de Consulta Facturas]
[08/06/2020 12:40:47][Bebop][Entra Consulta Factura]
[08/06/2020 12:40:51][Bebop][Generar PDF de Consulta Detalle Factura]
[08/06/2020 12:40:59][Bebop][Salir de Consualta Detalle Factura]
[08/06/2020 12:41:01][Bebop][Generar PDF final de Consulta Facturas]
[08/06/2020 12:41:14][Bebop][Generar PDF de Consulta Detalle Factura]
[08/06/2020 12:41:34][Bebop][Salir de Consulta Detalle Factura]
[08/06/2020 12:41:36][Bebop][Salir de Consulta Facturas]
[08/06/2020 12:41:40][Bebop][Cierra Menú Principal]
[08/06/2020 12:41:45][Bebop][Sale del programa]
[08/06/2020 16:58:01][Bebop][Sale del programa]
[08/06/2020 16:58:10][Bebop][Sale del programa]
[08/06/2020 19:04:36][Bebop][Entra en el programa]
[08/06/2020 19:04:40][Bebop][Entra Consulta Factura]
[08/06/2020 19:04:46][Bebop][Generar PDF de Consulta Detalle Factura]
[08/06/2020 19:04:52][Bebop][Salir de Consulta Detalle Factura]
[08/06/2020 19:04:59][Bebop][Salir de Consulta Detalle Factura]
[08/06/2020 19:05:00][Bebop][Generar PDF final de Consulta Facturas]
[08/06/2020 19:05:09][Bebop][Salir de Consulta Facturas]
[08/06/2020 19:07:41][Bebop][Entra Consulta Factura]
[08/06/2020 19:07:57][Bebop][Salir de Consulta Detalle Factura]
[08/06/2020 19:07:58][Bebop][Salir de Consulta Facturas]
[08/06/2020 19:08:00][Bebop][Cierra Menú Principal]
[08/06/2020 19:08:01][Bebop][Sale del programa]
[08/06/2020 19:10:54][Bebop][Entra en el programa]
[08/06/2020 19:10:56][Bebop][Entra Consulta Factura]
[08/06/2020 19:11:01][Bebop][Generar PDF de Consulta Detalle Factura]
[08/06/2020 19:11:08][Bebop][Salir de Consulta Detalle Factura]
[08/06/2020 19:11:10][Bebop][Salir de Consulta Facturas]
[08/06/2020 19:11:12][Bebop][Entra Alta Factura]
[08/06/2020 19:11:17][Bebop][INSERT INTO facturas VALUES(null,'2020-06-08',0,0,1)]
[08/06/2020 19:11:24][Bebop][INSERT INTO poseen VALUES(1,5,1)]
[08/06/2020 19:11:35][Bebop][INSERT INTO poseen VALUES(1,5,2)]
[08/06/2020 19:11:37][Bebop][UPDATE facturas SET totalFactura = 36.3 WHERE idFactura = 5]
[08/06/2020 19:11:41][Bebop][Salir de Alta Factura]
[08/06/2020 19:14:30][Bebop][Entra Alta Factura]
[08/06/2020 19:14:33][Bebop][Salir de Alta Factura]
[08/06/2020 19:14:38][Bebop][Entra Alta Almacenes]
[08/06/2020 19:15:02][Bebop][INSERT INTO almacenes VALUES (null,'Luna vidrio tintado','25.3','2','1','2')]
[08/06/2020 19:15:24][Bebop][INSERT INTO almacenes VALUES (null,'Retrovisor Wilson','4','1','2','3')]
[08/06/2020 19:15:40][Bebop][INSERT INTO almacenes VALUES (null,'Alfombrilla leymar','2.4','3','4','1')]
[08/06/2020 19:15:42][Bebop][Salir de Alta Almacén]
[08/06/2020 19:15:46][Bebop][Entra Alta Factura]
[08/06/2020 19:15:49][Bebop][INSERT INTO facturas VALUES(null,'2020-06-08',0,0,2)]
[08/06/2020 19:15:55][Bebop][INSERT INTO poseen VALUES(2,6,2)]
[08/06/2020 19:16:00][Bebop][INSERT INTO poseen VALUES(3,6,5)]
[08/06/2020 19:16:04][Bebop][INSERT INTO poseen VALUES(4,6,2)]
[08/06/2020 19:16:06][Bebop][UPDATE facturas SET totalFactura = 91.234 WHERE idFactura = 6]
[08/06/2020 19:16:19][Bebop][Salir de Alta Factura]
[08/06/2020 19:16:20][Bebop][Entra Consulta Factura]
[08/06/2020 19:16:31][Bebop][Generar PDF de Consulta Detalle Factura]
[08/06/2020 19:16:33][Bebop][Generar PDF de Consulta Detalle Factura]
[08/06/2020 19:17:59][Bebop][Salir de Consulta Detalle Factura]
[08/06/2020 19:18:00][Bebop][Salir de Consulta Facturas]
[08/06/2020 19:18:00][Bebop][Cierra Menú Principal]
[08/06/2020 19:18:01][Bebop][Sale del programa]
[08/06/2020 19:28:32][Bebop][Entra en el programa]
[08/06/2020 19:28:33][Bebop][Entra Consulta Factura]
[08/06/2020 19:28:39][Bebop][Salir de Consulta Detalle Factura]
[08/06/2020 19:28:44][Bebop][Generar PDF de Consulta Detalle Factura]
[08/06/2020 19:28:53][Bebop][Salir de Consulta Detalle Factura]
[08/06/2020 19:28:55][Bebop][Salir de Consulta Facturas]
[08/06/2020 19:29:01][Bebop][Cierra Menú Principal]
[08/06/2020 19:29:02][Bebop][Sale del programa]
[08/06/2020 19:29:34][Bebop][Entra en el programa]
[08/06/2020 19:29:36][Bebop][Entra Consulta Factura]
[08/06/2020 19:29:41][Bebop][Generar PDF de Consulta Detalle Factura]
[08/06/2020 19:29:53][Bebop][Salir de Consulta Detalle Factura]
[08/06/2020 19:29:57][Bebop][Salir de Consulta Facturas]
[08/06/2020 19:29:59][Bebop][Cierra Menú Principal]
[08/06/2020 19:30:01][Bebop][Sale del programa]
[08/06/2020 20:03:17][Bebop][Entra en el programa]
[08/06/2020 20:03:19][Bebop][Entra Consulta Factura]
[08/06/2020 20:03:23][Bebop][Salir de Consulta Detalle Factura]
[08/06/2020 20:03:26][Bebop][Generar PDF de Consulta Detalle Factura]
[08/06/2020 20:03:34][Bebop][Salir de Consulta Detalle Factura]
[08/06/2020 20:03:36][Bebop][Salir de Consulta Facturas]
[08/06/2020 20:03:37][Bebop][Cierra Menú Principal]
[08/06/2020 20:03:39][Bebop][Sale del programa]
[08/06/2020 20:11:42][B][Sale del programa]
[08/06/2020 20:11:47][Bebop][Entra en el programa]
[08/06/2020 20:19:19][Usuario][Sale del programa]
[08/06/2020 20:21:02][Bebop][Entra Alta Empresa]
[08/06/2020 20:43:39][Bebop][INSERT INTO empresas VALUES (null,'AutoMoción Bello S.A.','C/Conde de Barajas 23','954546535','Autosmocion@outlook.es')]
[08/06/2020 20:44:16][Bebop][Salir de Alta Empresa]
[08/06/2020 20:44:37][Bebop][Entra Baja Empresa]
[08/06/2020 20:46:31][Bebop][DELETE FROM empresas WHERE idEmpresa = 4]
[08/06/2020 20:47:36][Bebop][Salir de Baja Empresa]
[08/06/2020 20:47:39][Bebop][Entra Modificar Empresa]
[08/06/2020 20:47:45][Bebop][Sale de modiricar Empresa]
[08/06/2020 20:47:58][Bebop][Entra Modificar Empresa]
[08/06/2020 20:49:10][Bebop][UPDATE empresas SET nombreEmpresa = 'Repuestos Lola S.A.', direccionEmpresa = 'C/Reserva de Agua Nº4', telefonoEmpresa = '955898785', emailEmpresa = 'RepuestosLolal@gmail.com' WHERE idEmpresa=3]
[08/06/2020 20:49:54][Bebop][Sale de modiricar Empresa]
[08/06/2020 20:49:56][Bebop][Entra Consulta Empresa]
[08/06/2020 20:49:58][Bebop][Salir de Consulta Empresa]
[08/06/2020 20:50:09][Bebop][Entra Consulta Empresa]
[08/06/2020 20:58:00][Bebop][Salir de Consulta Empresa]
[08/06/2020 20:58:02][Bebop][Entra Consulta Empresa]
[08/06/2020 20:58:04][Bebop][Generar PDF de Consulta Empresa]
[08/06/2020 20:58:21][Bebop][Salir de Consulta Empresa]
[08/06/2020 20:58:57][Bebop][Entra Alta Almacenes]
[08/06/2020 21:01:14][Bebop][INSERT INTO almacenes VALUES (null,'Espejo Retro Nissan N6','2.5','2','1','3')]
[08/06/2020 21:01:51][Bebop][Salir de Alta Almacén]
[08/06/2020 21:01:55][Bebop][Entra Baja Almacenes]
[08/06/2020 21:01:58][Bebop][Salir de Baja Almacén]
[08/06/2020 21:02:07][Bebop][Entra Baja Almacenes]
[08/06/2020 21:03:03][Bebop][DELETE FROM almacenes WHERE idAlmacen = 5]
[08/06/2020 21:03:17][Bebop][Salir de Baja Almacén]
[08/06/2020 21:03:40][Bebop][Entra Modificar Almacenes]
[08/06/2020 21:04:33][Bebop][UPDATE almacenes SET productoAlmacen = 'Alfombrilla leymar', precioProductoAlmacen = '3.2', pasilloAlmacen = '3', estanteriaAlmacen = '4', baldaAlmacen = '1' WHERE idAlmacen=4]
[08/06/2020 21:05:07][Bebop][Sale de modificar almacén]
[08/06/2020 21:05:22][Bebop][Sale de modificar almacén]
[08/06/2020 21:06:13][Bebop][Entra Modificar Empresa]
[08/06/2020 21:06:15][Bebop][Sale de modiricar Empresa]
[08/06/2020 21:06:20][Bebop][Entra Modificar Almacenes]
[08/06/2020 21:06:27][Bebop][Sale de modificar almacén]
[08/06/2020 21:06:28][Bebop][Entra Modificar Almacenes]
[08/06/2020 21:06:33][Bebop][Sale de modificar almacén]
[08/06/2020 21:06:34][Bebop][Sale de modificar almacén]
[08/06/2020 21:06:56][Bebop][Entra Consulta Almacenes]
[08/06/2020 21:07:02][Bebop][Salir de Consulta Almacenes]
[08/06/2020 21:07:17][Bebop][Entra Consulta Almacenes]
[08/06/2020 21:07:52][Bebop][Generar PDF de consulta Almacenes]
[08/06/2020 21:09:10][Bebop][Salir de Consulta Almacenes]
[08/06/2020 21:09:27][Bebop][Entra Modificar Almacenes]
[08/06/2020 21:09:38][Bebop][Sale de modificar almacén]
[08/06/2020 21:09:41][Bebop][Sale de modificar almacén]
[08/06/2020 21:09:42][Bebop][Sale de modificar almacén]
[08/06/2020 21:10:27][Bebop][Cierra Menú Principal]
[08/06/2020 21:10:28][Bebop][Sale del programa]
[08/06/2020 21:10:43][Bebop][Sale del programa]
[08/06/2020 21:10:54][Bebop][Entra en el programa]
[08/06/2020 21:11:01][Bebop][Entra Consulta Almacenes]
[08/06/2020 21:11:02][Bebop][Generar PDF de consulta Almacenes]
[08/06/2020 21:11:05][Bebop][Salir de Consulta Almacenes]
[08/06/2020 21:11:07][Bebop][Cierra Menú Principal]
[08/06/2020 21:11:08][Bebop][Sale del programa]
[08/06/2020 21:13:41][Bebop][Entra en el programa]
[08/06/2020 21:13:43][Bebop][Entra Alta Factura]
[08/06/2020 21:13:45][Bebop][Salir de Alta Factura]
[08/06/2020 21:13:57][Bebop][Entra Alta Factura]
[08/06/2020 21:14:21][Bebop][INSERT INTO facturas VALUES(null,'2020-06-08',0,0,3)]
[08/06/2020 21:14:43][Bebop][INSERT INTO poseen VALUES(2,7,2)]
[08/06/2020 21:14:58][Bebop][INSERT INTO poseen VALUES(3,7,4)]
[08/06/2020 21:15:14][Bebop][UPDATE facturas SET totalFactura = 80.586 WHERE idFactura = 7]
[08/06/2020 21:15:29][Bebop][Salir de Alta Factura]
[08/06/2020 21:15:31][Bebop][Entra Consulta Factura]
[08/06/2020 21:15:33][Bebop][Salir de Consulta Facturas]
[08/06/2020 21:15:45][Bebop][Entra Consulta Factura]
[08/06/2020 21:16:29][Bebop][Generar PDF de Consulta Detalle Factura]
[08/06/2020 21:16:44][Bebop][Salir de Consulta Detalle Factura]
[08/06/2020 21:16:46][Bebop][Salir de Consulta Facturas]
[08/06/2020 21:16:55][Bebop][Cierra Menú Principal]
[08/06/2020 21:16:57][Bebop][Sale del programa]
[09/06/2020 09:24:46][Bebop][Entra en el programa]
[09/06/2020 09:26:28][Bebop][Entra Alta Empresa]
[09/06/2020 09:29:51][Bebop][INSERT INTO empresas VALUES (null,'Autocar Puerto S.L.','C/Belmonte S/N','954546585','Autop@gmail.com')]
[09/06/2020 09:30:33][Bebop][Salir de Alta Empresa]
[09/06/2020 09:30:40][Bebop][Entra Modificar Empresa]
[09/06/2020 09:30:42][Bebop][Sale de modiricar Empresa]
[09/06/2020 09:31:47][Bebop][Entra Modificar Empresa]
[09/06/2020 09:36:43][Bebop][UPDATE empresas SET nombreEmpresa = 'Autocar Puerto S.L.', direccionEmpresa = 'C/Belmonte S/N', telefonoEmpresa = '654542521', emailEmpresa = 'Autop@gmail.com' WHERE idEmpresa=5]
[09/06/2020 09:37:12][Bebop][Sale de modiricar Empresa]
[09/06/2020 09:37:17][Bebop][Entra Alta Empresa]
[09/06/2020 09:37:18][Bebop][Salir de Alta Empresa]
[09/06/2020 09:37:23][Bebop][Entra Consulta Empresa]
[09/06/2020 09:37:26][Bebop][Salir de Consulta Empresa]
[09/06/2020 09:38:28][Bebop][Entra Alta Empresa]
[09/06/2020 09:38:38][Bebop][INSERT INTO empresas VALUES (null,'fafdaf','dfafsaf','77444474','fdsfasf')]
[09/06/2020 09:39:35][Bebop][Salir de Alta Empresa]
[09/06/2020 09:39:37][Bebop][Entra Baja Empresa]
[09/06/2020 09:39:41][Bebop][DELETE FROM empresas WHERE idEmpresa = 6]
[09/06/2020 09:39:43][Bebop][Salir de Baja Empresa]
[09/06/2020 09:40:06][Bebop][Entra Modificar Empresa]
[09/06/2020 09:40:16][Bebop][Sale de modiricar Empresa]
[09/06/2020 09:40:21][Bebop][Cierra Menú Principal]
[09/06/2020 09:40:24][Bebop][Sale del programa]
[09/06/2020 09:41:16][Bebop][Entra en el programa]
[09/06/2020 09:41:18][Bebop][Entra Modificar Empresa]
[09/06/2020 09:41:26][Bebop][UPDATE empresas SET nombreEmpresa = 'Autocar Puerto S.L.', direccionEmpresa = 'C/Belmonte S/N', telefonoEmpresa = '654542522', emailEmpresa = 'Autop@gmail.com' WHERE idEmpresa=5]
[09/06/2020 09:41:52][Bebop][Sale de modiricar Empresa]
[09/06/2020 09:44:22][Bebop][Entra Consulta Empresa]
[09/06/2020 09:44:38][Bebop][Generar PDF de Consulta Empresa]
[09/06/2020 09:44:59][Bebop][Salir de Consulta Empresa]
[09/06/2020 09:45:56][Bebop][Entra Baja Empresa]
[09/06/2020 09:46:47][Bebop][DELETE FROM empresas WHERE idEmpresa = 5]
[09/06/2020 09:47:31][Bebop][Salir de Baja Empresa]
[09/06/2020 09:47:48][Bebop][Entra Alta Almacenes]
[09/06/2020 09:48:57][Bebop][INSERT INTO almacenes VALUES (null,'Bujia Moto c3','0.95','2','1','1')]
[09/06/2020 09:50:30][Bebop][Salir de Alta Almacén]
[09/06/2020 09:50:34][Bebop][Entra Alta Almacenes]
[09/06/2020 09:51:01][Bebop][Salir de Alta Almacén]
[09/06/2020 09:51:07][Bebop][Entra Baja Almacenes]
[09/06/2020 09:51:13][Bebop][Salir de Baja Almacén]
[09/06/2020 09:51:24][Bebop][Entra Baja Almacenes]
[09/06/2020 09:55:14][Bebop][Salir de Baja Almacén]
[09/06/2020 09:55:21][Bebop][Entra en el programa]
[09/06/2020 09:55:25][Bebop][Entra Baja Almacenes]
[09/06/2020 09:55:45][Bebop][Salir de Baja Almacén]
[09/06/2020 09:56:09][Bebop][Entra Modificar Almacenes]
[09/06/2020 09:56:14][Bebop][Sale de modificar almacén]
[09/06/2020 09:56:26][Bebop][Entra Modificar Almacenes]
[09/06/2020 09:56:27][Bebop][Sale de modificar almacén]
[09/06/2020 09:56:38][Bebop][Entra Modificar Almacenes]
[09/06/2020 09:57:55][Bebop][UPDATE almacenes SET productoAlmacen = 'Alfombrilla leymar', precioProductoAlmacen = '4.5', pasilloAlmacen = '3', estanteriaAlmacen = '4', baldaAlmacen = '1' WHERE idAlmacen=4]
[09/06/2020 09:58:45][Bebop][Sale de modificar almacén]
[09/06/2020 09:58:57][Bebop][Entra Consulta Almacenes]
[09/06/2020 09:59:12][Bebop][Generar PDF de consulta Almacenes]
[09/06/2020 09:59:18][Bebop][Generar PDF de consulta Almacenes]
[09/06/2020 09:59:22][Bebop][Salir de Consulta Almacenes]
[09/06/2020 09:59:24][Bebop][Entra Consulta Almacenes]
[09/06/2020 09:59:27][Bebop][Salir de Consulta Almacenes]
[09/06/2020 10:00:00][Bebop][Entra Alta Factura]
[09/06/2020 10:00:45][Bebop][INSERT INTO facturas VALUES(null,'2020-06-09',0,0,1)]
[09/06/2020 10:01:10][Bebop][INSERT INTO poseen VALUES(1,8,2)]
[09/06/2020 10:01:37][Bebop][INSERT INTO poseen VALUES(2,8,3)]
[09/06/2020 10:01:50][Bebop][UPDATE facturas SET totalFactura = 116.039 WHERE idFactura = 8]
[09/06/2020 10:02:05][Bebop][INSERT INTO facturas VALUES(null,'2020-06-09',0,0,1)]
[09/06/2020 10:02:22][Bebop][INSERT INTO poseen VALUES(2,9,2)]
[09/06/2020 10:02:33][Bebop][DELETE FROM poseen WHERE idFacturaFK = 9]
[09/06/2020 10:02:33][Bebop][DELETE FROM facturas WHERE idFactura = 9]
[09/06/2020 10:02:59][Bebop][Salir de Alta Factura]
[09/06/2020 10:03:01][Bebop][Entra Consulta Factura]
[09/06/2020 10:03:03][Bebop][Salir de Consulta Facturas]
[09/06/2020 10:03:17][Bebop][Entra Consulta Factura]
[09/06/2020 10:03:42][Bebop][Salir de Consulta Detalle Factura]
[09/06/2020 10:04:04][Bebop][Generar PDF de Consulta Detalle Factura]
[09/06/2020 10:04:27][Bebop][Salir de Consulta Detalle Factura]
[09/06/2020 10:04:29][Bebop][Salir de Consulta Facturas]
[09/06/2020 10:04:35][Bebop][Cierra Menú Principal]
[09/06/2020 10:04:39][Bebop][Sale del programa]
[09/06/2020 10:07:14][Bebop][Cierra Menú Principal]
[09/06/2020 10:36:43][][Sale del programa]
[09/06/2020 10:42:37][Bebop][Entra en el programa]
[09/06/2020 10:42:44][Bebop][Entra Alta Empresa]
[09/06/2020 10:53:53][Bebop][Salir de Alta Empresa]
[09/06/2020 10:53:56][Bebop][Entra Baja Empresa]
[09/06/2020 11:09:14][Bebop][Salir de Baja Empresa]
[09/06/2020 11:09:17][Bebop][Entra Modificar Empresa]
[09/06/2020 11:09:23][Bebop][Sale de modiricar Empresa]
[09/06/2020 11:09:24][Bebop][Cierra Menú Principal]
[09/06/2020 11:09:25][Bebop][Sale del programa]
[09/06/2020 11:10:35][Bebop][Entra en el programa]
[09/06/2020 11:10:37][Bebop][Entra Modificar Empresa]
[09/06/2020 13:06:52][Bebop][Sale de modiricar Empresa]
[09/06/2020 13:07:00][Bebop][Sale de modiricar Empresa]
[09/06/2020 13:07:03][Bebop][Entra Alta Factura]
[09/06/2020 13:07:07][Bebop][INSERT INTO facturas VALUES(null,'2020-06-09',0,0,1)]
[09/06/2020 13:07:17][Bebop][DELETE FROM poseen WHERE idFacturaFK = 10]
[09/06/2020 13:07:21][Bebop][DELETE FROM facturas WHERE idFactura = 10]
[09/06/2020 13:22:03][Bebop][Salir de Alta Factura]
[09/06/2020 13:29:07][Bebop][Entra Consulta Factura]
[09/06/2020 13:29:11][Bebop][Salir de Consulta Detalle Factura]
[09/06/2020 14:00:16][Bebop][Salir de Consulta Facturas]
[09/06/2020 14:00:21][Bebop][Cierra Menú Principal]
[09/06/2020 14:00:24][Bebop][Sale del programa]
